[2026-02-03 08:17:27,614: INFO: main: Welcome to our custom logs]
[2026-02-03 08:19:32,213: INFO: main: Welcome to our custom logs]
[2026-02-09 15:30:33,058: INFO: common: yaml file: config\config.yaml loaded successfully]
[2026-02-09 15:30:33,068: INFO: common: yaml file: params.yaml loaded successfully]
[2026-02-09 15:30:33,080: INFO: common: created directory at: artifacts]
[2026-02-09 15:31:19,436: INFO: common: yaml file: config\config.yaml loaded successfully]
[2026-02-09 15:31:19,443: INFO: common: yaml file: params.yaml loaded successfully]
[2026-02-09 15:31:19,447: INFO: common: created directory at: artifacts]
[2026-02-09 15:32:18,975: INFO: common: yaml file: config\config.yaml loaded successfully]
[2026-02-09 15:32:18,979: INFO: common: yaml file: params.yaml loaded successfully]
[2026-02-09 15:32:18,982: INFO: common: created directory at: artifacts]
[2026-02-09 15:36:24,805: INFO: common: yaml file: config\config.yaml loaded successfully]
[2026-02-09 15:36:24,808: INFO: common: yaml file: params.yaml loaded successfully]
[2026-02-09 15:36:24,812: INFO: common: created directory at: artifacts]
[2026-02-09 15:36:32,731: INFO: common: yaml file: config\config.yaml loaded successfully]
[2026-02-09 15:36:32,738: INFO: common: yaml file: params.yaml loaded successfully]
[2026-02-09 15:36:32,743: INFO: common: created directory at: artifacts]
[2026-02-09 15:38:31,813: INFO: common: yaml file: config\config.yaml loaded successfully]
[2026-02-09 15:38:31,818: INFO: common: yaml file: params.yaml loaded successfully]
[2026-02-09 15:38:31,822: INFO: common: created directory at: artifacts]
[2026-02-09 15:38:43,406: INFO: common: yaml file: config\config.yaml loaded successfully]
[2026-02-09 15:38:43,414: INFO: common: yaml file: params.yaml loaded successfully]
[2026-02-09 15:38:43,421: INFO: common: created directory at: artifacts]
[2026-02-09 15:39:04,386: INFO: common: yaml file: config\config.yaml loaded successfully]
[2026-02-09 15:39:04,392: INFO: common: yaml file: params.yaml loaded successfully]
[2026-02-09 15:39:04,396: INFO: common: created directory at: artifacts]
[2026-02-09 15:41:34,281: INFO: common: yaml file: config\config.yaml loaded successfully]
[2026-02-09 15:41:34,283: INFO: common: yaml file: params.yaml loaded successfully]
[2026-02-09 15:41:34,285: INFO: common: created directory at: artifacts]
[2026-02-09 15:41:38,214: INFO: common: yaml file: config\config.yaml loaded successfully]
[2026-02-09 15:41:38,217: INFO: common: yaml file: params.yaml loaded successfully]
[2026-02-09 15:41:38,221: INFO: common: created directory at: artifacts]
[2026-02-09 15:43:42,179: INFO: common: yaml file: config\config.yaml loaded successfully]
[2026-02-09 15:43:42,183: INFO: common: yaml file: params.yaml loaded successfully]
[2026-02-09 15:43:42,186: INFO: common: created directory at: artifacts]
[2026-02-09 15:43:46,226: INFO: common: yaml file: config\config.yaml loaded successfully]
[2026-02-09 15:43:46,228: INFO: common: yaml file: params.yaml loaded successfully]
[2026-02-09 15:43:46,232: INFO: common: created directory at: artifacts]
[2026-02-09 15:43:46,235: INFO: 823771765: Downloading data from https://drive.google.com/uc?/export=download&id=1vlhZ5c7abUKF8xXERIw6m9Te8fW7ohw3 into file artifacts/data_ingestion/data.zip]
[2026-02-09 15:43:47,404: INFO: 823771765: Downloaded data from https://drive.google.com/uc?/export=download&id=1vlhZ5c7abUKF8xXERIw6m9Te8fW7ohw3 into the file artifacts/data_ingestion/data.zip]
[2026-02-09 16:02:44,127: INFO: common: yaml file: config\config.yaml loaded successfully]
[2026-02-09 16:02:44,134: INFO: common: yaml file: params.yaml loaded successfully]
[2026-02-09 16:02:44,140: INFO: common: created directory at: artifacts]
[2026-02-09 16:04:04,532: INFO: 3817465096: dataset url :https://drive.usercontent.google.com/download?id=1vlhZ5c7abUKF8xXERIw6m9Te8fW7ohw3]
[2026-02-09 16:04:04,536: INFO: 3817465096: Downloading data from https://drive.usercontent.google.com/download?id=1vlhZ5c7abUKF8xXERIw6m9Te8fW7ohw3 into file artifacts/data_ingestion/data.zip]
[2026-02-09 16:04:05,752: INFO: 3817465096: Downloaded data from https://drive.usercontent.google.com/download?id=1vlhZ5c7abUKF8xXERIw6m9Te8fW7ohw3 into the file artifacts/data_ingestion/data.zip]
[2026-02-09 16:09:28,360: INFO: common: yaml file: config\config.yaml loaded successfully]
[2026-02-09 16:09:28,365: INFO: common: yaml file: params.yaml loaded successfully]
[2026-02-09 16:09:28,368: INFO: common: created directory at: artifacts]
[2026-02-09 16:09:33,533: INFO: 799084362: Downloading data from https://drive.google.com/file/d/1vlhZ5c7abUKF8xXERIw6m9Te8fW7ohw3/view?usp=sharing into file artifacts/data_ingestion/data.zip]
[2026-02-09 16:09:44,945: INFO: 799084362: Downloaded data from https://drive.google.com/file/d/1vlhZ5c7abUKF8xXERIw6m9Te8fW7ohw3/view?usp=sharing into file artifacts/data_ingestion/data.zip]
[2026-02-09 16:10:53,100: INFO: common: yaml file: config\config.yaml loaded successfully]
[2026-02-09 16:10:53,107: INFO: common: yaml file: params.yaml loaded successfully]
[2026-02-09 16:10:53,116: INFO: common: created directory at: artifacts]
[2026-02-09 16:10:53,121: INFO: 799084362: Downloading data from https://drive.google.com/file/d/1vlhZ5c7abUKF8xXERIw6m9Te8fW7ohw3/view?usp=sharing into file artifacts/data_ingestion/data.zip]
[2026-02-09 16:11:03,598: INFO: 799084362: Downloaded data from https://drive.google.com/file/d/1vlhZ5c7abUKF8xXERIw6m9Te8fW7ohw3/view?usp=sharing into file artifacts/data_ingestion/data.zip]
[2026-02-09 17:38:16,558: INFO: main: >>>>> stage Data Ingestion stage started <<<<<<]
[2026-02-09 17:38:16,559: ERROR: main: DataIngestionTrainingPipeline.main() takes 0 positional arguments but 1 was given]
Traceback (most recent call last):
  File "C:\Github\Projects\Kidney_Tumor_Identification_System\main.py", line 8, in <module>
    obj.main()
    ~~~~~~~~^^
TypeError: DataIngestionTrainingPipeline.main() takes 0 positional arguments but 1 was given
[2026-02-09 17:52:19,433: INFO: main: >>>>> stage Data Ingestion stage started <<<<<<]
[2026-02-09 17:52:19,471: INFO: common: yaml file: config\config.yaml loaded successfully]
[2026-02-09 17:52:19,493: INFO: common: yaml file: params.yaml loaded successfully]
[2026-02-09 17:52:19,495: INFO: common: created directory at: artifacts]
[2026-02-09 17:52:19,496: INFO: data_ingestion: Downloading data from https://drive.google.com/file/d/1vlhZ5c7abUKF8xXERIw6m9Te8fW7ohw3/view?usp=sharing into file artifacts/data_ingestion/data.zip]
[2026-02-09 17:52:27,151: INFO: data_ingestion: Downloaded data from https://drive.google.com/file/d/1vlhZ5c7abUKF8xXERIw6m9Te8fW7ohw3/view?usp=sharing into file artifacts/data_ingestion/data.zip]
[2026-02-09 17:52:28,563: INFO: main: >>>>>>>>Data Ingestion stage completed <<<<<<<

x=========x]
[2026-02-09 20:06:27,524: INFO: common: yaml file: config\config.yaml loaded successfully]
[2026-02-09 20:06:27,561: INFO: common: yaml file: params.yaml loaded successfully]
[2026-02-09 20:06:27,564: INFO: common: created directory at: artifacts]
[2026-02-09 20:06:27,567: INFO: common: created directory at: artifact/prepare_base_model]
[2026-02-09 20:06:33,693: WARNING: saving_api: You are saving your model as an HDF5 file via `model.save()` or `keras.saving.save_model(model)`. This file format is considered legacy. We recommend using instead the native Keras format, e.g. `model.save('my_model.keras')` or `keras.saving.save_model(model, 'my_model.keras')`. ]
[2026-02-09 20:06:33,903: WARNING: saving_api: You are saving your model as an HDF5 file via `model.save()` or `keras.saving.save_model(model)`. This file format is considered legacy. We recommend using instead the native Keras format, e.g. `model.save('my_model.keras')` or `keras.saving.save_model(model, 'my_model.keras')`. ]
[2026-02-09 21:13:04,894: INFO: main: >>>>> stage Data Ingestion stage started <<<<<<]
[2026-02-09 21:13:04,944: INFO: common: yaml file: config\config.yaml loaded successfully]
[2026-02-09 21:13:04,984: INFO: common: yaml file: params.yaml loaded successfully]
[2026-02-09 21:13:04,986: INFO: common: created directory at: artifacts]
[2026-02-09 21:13:04,987: INFO: data_ingestion: Downloading data from https://drive.google.com/file/d/1vlhZ5c7abUKF8xXERIw6m9Te8fW7ohw3/view?usp=sharing into file artifacts/data_ingestion/data.zip]
[2026-02-09 21:13:19,291: INFO: data_ingestion: Downloaded data from https://drive.google.com/file/d/1vlhZ5c7abUKF8xXERIw6m9Te8fW7ohw3/view?usp=sharing into file artifacts/data_ingestion/data.zip]
[2026-02-09 21:13:23,157: INFO: main: >>>>>>>>Data Ingestion stage completed <<<<<<<

x=========x]
[2026-02-09 21:13:23,159: INFO: main: >>>>> stage Prepare Base Model started <<<<<<]
[2026-02-09 21:13:23,164: INFO: common: yaml file: config\config.yaml loaded successfully]
[2026-02-09 21:13:23,172: INFO: common: yaml file: params.yaml loaded successfully]
[2026-02-09 21:13:23,175: INFO: common: created directory at: artifacts]
[2026-02-09 21:13:23,184: INFO: common: created directory at: artifact/prepare_base_model]
[2026-02-09 21:13:24,632: WARNING: saving_api: You are saving your model as an HDF5 file via `model.save()` or `keras.saving.save_model(model)`. This file format is considered legacy. We recommend using instead the native Keras format, e.g. `model.save('my_model.keras')` or `keras.saving.save_model(model, 'my_model.keras')`. ]
[2026-02-09 21:13:25,227: WARNING: saving_api: You are saving your model as an HDF5 file via `model.save()` or `keras.saving.save_model(model)`. This file format is considered legacy. We recommend using instead the native Keras format, e.g. `model.save('my_model.keras')` or `keras.saving.save_model(model, 'my_model.keras')`. ]
[2026-02-09 21:13:25,651: INFO: main: >>>>>>>>Prepare Base Model completed <<<<<<<

x=========x]
